Start testing: Aug 22 04:46 UTC
----------------------------------------------------------
1/4 Testing: CHTLCoreTest
1/4 Test: CHTLCoreTest
Command: "/workspace/build/bin/test_chtl_core"
Directory: /workspace/build/tests
"CHTLCoreTest" start time: Aug 22 04:46 UTC
Output:
----------------------------------------------------------
运行CHTL核心测试...
CHTL核心基础测试通过
所有CHTL核心测试通过!
<end of output>
Test time =   0.00 sec
----------------------------------------------------------
Test Passed.
"CHTLCoreTest" end time: Aug 22 04:46 UTC
"CHTLCoreTest" time elapsed: 00:00:00
----------------------------------------------------------

2/4 Testing: CHTLJSCoreTest
2/4 Test: CHTLJSCoreTest
Command: "/workspace/build/bin/test_chtljs_core"
Directory: /workspace/build/tests
"CHTLJSCoreTest" start time: Aug 22 04:46 UTC
Output:
----------------------------------------------------------
运行CHTL JS核心测试...
CHTL JS核心基础测试通过
所有CHTL JS核心测试通过!
<end of output>
Test time =   0.00 sec
----------------------------------------------------------
Test Passed.
"CHTLJSCoreTest" end time: Aug 22 04:46 UTC
"CHTLJSCoreTest" time elapsed: 00:00:00
----------------------------------------------------------

3/4 Testing: ScannerTest
3/4 Test: ScannerTest
Command: "/workspace/build/bin/test_scanner"
Directory: /workspace/build/tests
"ScannerTest" start time: Aug 22 04:46 UTC
Output:
----------------------------------------------------------
运行扫描器测试...
扫描器基础测试通过 - 发现 4 个片段
CHTL JS检测测试通过
CSS检测测试通过
所有扫描器测试通过!
<end of output>
Test time =   0.00 sec
----------------------------------------------------------
Test Passed.
"ScannerTest" end time: Aug 22 04:46 UTC
"ScannerTest" time elapsed: 00:00:00
----------------------------------------------------------

4/4 Testing: IntegrationTest
4/4 Test: IntegrationTest
Command: "/workspace/build/bin/test_integration"
Directory: /workspace/build/tests
"IntegrationTest" start time: Aug 22 04:46 UTC
Output:
----------------------------------------------------------
运行集成测试...
集成基础测试通过
所有集成测试通过!
<end of output>
Test time =   0.00 sec
----------------------------------------------------------
Test Passed.
"IntegrationTest" end time: Aug 22 04:46 UTC
"IntegrationTest" time elapsed: 00:00:00
----------------------------------------------------------

End testing: Aug 22 04:46 UTC
