Start testing: Aug 22 05:25 UTC
----------------------------------------------------------
1/7 Testing: CHTLCoreTest
1/7 Test: CHTLCoreTest
Command: "/workspace/build/bin/test_chtl_core"
Directory: /workspace/build/tests
"CHTLCoreTest" start time: Aug 22 05:25 UTC
Output:
----------------------------------------------------------
运行CHTL核心功能测试...

测试CHTL Token系统...
  Token系统测试通过
测试Token流...
  Token流测试通过
测试CHTL全局映射表...
  全局映射表测试通过
测试CHTL状态管理器...
  状态管理器测试通过
测试全限定名称解析...
  全限定名称解析测试通过
测试符号类型兼容性...
  符号类型兼容性测试通过

所有CHTL核心功能测试通过!
✅ Token系统运行正常
✅ 全局映射表运行正常
✅ 状态管理器运行正常
✅ RAII状态保护运行正常
<end of output>
Test time =   0.00 sec
----------------------------------------------------------
Test Passed.
"CHTLCoreTest" end time: Aug 22 05:25 UTC
"CHTLCoreTest" time elapsed: 00:00:00
----------------------------------------------------------

2/7 Testing: CHTLASTTest
2/7 Test: CHTLASTTest
Command: "/workspace/build/bin/test_chtl_ast"
Directory: /workspace/build/tests
"CHTLASTTest" start time: Aug 22 05:25 UTC
Output:
----------------------------------------------------------
运行CHTL AST功能测试...

测试AST节点创建...
  AST节点创建测试通过
测试文本节点...
  文本节点测试通过
测试模板节点...
  模板节点测试通过
测试自定义节点...
  自定义节点测试通过
测试样式块节点...
  样式块节点测试通过
测试原始嵌入节点...
  原始嵌入节点测试通过
测试导入节点...
  导入节点测试通过
测试命名空间节点...
  命名空间节点测试通过
测试删除和插入节点...
  删除和插入节点测试通过
测试索引访问节点...
  索引访问节点测试通过
测试变量相关节点...
  变量相关节点测试通过
测试CSS相关节点...
  CSS相关节点测试通过
测试注释节点...
  注释节点测试通过
测试字面量节点...
  字面量节点测试通过
测试AST访问者模式...
  AST访问者模式测试通过
测试AST节点克隆...
  AST节点克隆测试通过

所有CHTL AST功能测试通过!
✅ AST节点创建和管理正常
✅ 模板和自定义系统正常
✅ 原始嵌入系统正常
✅ 导入和命名空间系统正常
✅ 特殊操作（删除、插入、索引访问）正常
✅ CSS和样式系统正常
✅ 访问者模式正常
✅ 节点克隆功能正常
<end of output>
Test time =   0.00 sec
----------------------------------------------------------
Test Passed.
"CHTLASTTest" end time: Aug 22 05:25 UTC
"CHTLASTTest" time elapsed: 00:00:00
----------------------------------------------------------

3/7 Testing: CHTLCompilerTest
3/7 Test: CHTLCompilerTest
Command: "/workspace/build/bin/test_chtl_compiler"
Directory: /workspace/build/tests
"CHTLCompilerTest" start time: Aug 22 05:25 UTC
Output:
----------------------------------------------------------
<end of output>
Test time =   0.00 sec
----------------------------------------------------------
Test Failed.
"CHTLCompilerTest" end time: Aug 22 05:25 UTC
"CHTLCompilerTest" time elapsed: 00:00:00
----------------------------------------------------------

4/7 Testing: CHTLSimpleTest
4/7 Test: CHTLSimpleTest
Command: "/workspace/build/bin/test_chtl_simple"
Directory: /workspace/build/tests
"CHTLSimpleTest" start time: Aug 22 05:25 UTC
Output:
----------------------------------------------------------
运行简单CHTL编译器测试...
测试词法分析器...
词法分析完成，生成了 11 个Token
Token 0: HTML_TAG = 'html'
Token 1: LEFT_BRACE = '{'
Token 2: IDENTIFIER = ' body'
Token 3: LEFT_BRACE = '{'
Token 4: IDENTIFIER = ' text'
Token 5: LEFT_BRACE = '{'
Token 6: IDENTIFIER = ' Hello'
Token 7: RIGHT_BRACE = '}'
Token 8: RIGHT_BRACE = '}'
Token 9: RIGHT_BRACE = '}'

测试语法分析器...
语法分析成功，AST类型: ROOT
AST子节点数量: 1

简单编译器测试完成!
<end of output>
Test time =   0.00 sec
----------------------------------------------------------
Test Passed.
"CHTLSimpleTest" end time: Aug 22 05:25 UTC
"CHTLSimpleTest" time elapsed: 00:00:00
----------------------------------------------------------

5/7 Testing: CHTLJSCoreTest
5/7 Test: CHTLJSCoreTest
Command: "/workspace/build/bin/test_chtljs_core"
Directory: /workspace/build/tests
"CHTLJSCoreTest" start time: Aug 22 05:25 UTC
Output:
----------------------------------------------------------
运行CHTL JS核心测试...
CHTL JS核心基础测试通过
所有CHTL JS核心测试通过!
<end of output>
Test time =   0.00 sec
----------------------------------------------------------
Test Passed.
"CHTLJSCoreTest" end time: Aug 22 05:25 UTC
"CHTLJSCoreTest" time elapsed: 00:00:00
----------------------------------------------------------

6/7 Testing: ScannerTest
6/7 Test: ScannerTest
Command: "/workspace/build/bin/test_scanner"
Directory: /workspace/build/tests
"ScannerTest" start time: Aug 22 05:25 UTC
Output:
----------------------------------------------------------
运行扫描器测试...
扫描器基础测试通过 - 发现 4 个片段
CHTL JS检测测试通过
CSS检测测试通过
所有扫描器测试通过!
<end of output>
Test time =   0.00 sec
----------------------------------------------------------
Test Passed.
"ScannerTest" end time: Aug 22 05:25 UTC
"ScannerTest" time elapsed: 00:00:00
----------------------------------------------------------

7/7 Testing: IntegrationTest
7/7 Test: IntegrationTest
Command: "/workspace/build/bin/test_integration"
Directory: /workspace/build/tests
"IntegrationTest" start time: Aug 22 05:25 UTC
Output:
----------------------------------------------------------
运行集成测试...
集成基础测试通过
所有集成测试通过!
<end of output>
Test time =   0.00 sec
----------------------------------------------------------
Test Passed.
"IntegrationTest" end time: Aug 22 05:25 UTC
"IntegrationTest" time elapsed: 00:00:00
----------------------------------------------------------

End testing: Aug 22 05:25 UTC
